0 verbose cli C:\Program Files\nodejs\node.exe C:\Program Files\nodejs\node_modules\npm\bin\npm-cli.js
1 info using npm@8.19.2
2 info using node@v16.18.0
3 timing npm:load:whichnode Completed in 0ms
4 timing config:load:defaults Completed in 1ms
5 timing config:load:file:C:\Program Files\nodejs\node_modules\npm\npmrc Completed in 7ms
6 timing config:load:builtin Completed in 7ms
7 timing config:load:cli Completed in 1ms
8 timing config:load:env Completed in 0ms
9 timing config:load:file:C:\Users\divya\OneDrive\Documents\GitHub\medium3.0-mern\.npmrc Completed in 0ms
10 timing config:load:project Completed in 2ms
11 timing config:load:file:C:\Users\divya\.npmrc Completed in 1ms
12 timing config:load:user Completed in 1ms
13 timing config:load:file:C:\Users\divya\AppData\Roaming\npm\etc\npmrc Completed in 0ms
14 timing config:load:global Completed in 0ms
15 timing config:load:validate Completed in 1ms
16 timing config:load:credentials Completed in 1ms
17 timing config:load:setEnvs Completed in 0ms
18 timing config:load Completed in 14ms
19 timing npm:load:configload Completed in 14ms
20 timing npm:load:mkdirpcache Completed in 1ms
21 timing npm:load:mkdirplogs Completed in 0ms
22 verbose title npm start
23 verbose argv "start"
24 timing npm:load:setTitle Completed in 1ms
25 timing config:load:flatten Completed in 2ms
26 timing npm:load:display Completed in 3ms
27 verbose logfile logs-max:10 dir:C:\KNIT Questwers\questwers\clean\_logs
28 verbose logfile C:\KNIT Questwers\questwers\clean\_logs\2022-11-09T11_13_22_157Z-debug-0.log
29 timing npm:load:logFile Completed in 44ms
30 timing npm:load:timers Completed in 0ms
31 timing npm:load:configScope Completed in 0ms
32 timing npm:load Completed in 64ms
33 silly logfile start cleaning logs, removing 5 files
34 silly logfile error removing log file C:/KNIT Questwers/questwers/clean/_logs/2022-11-09T10_50_02_898Z-debug-0.log [Error: EPERM: operation not permitted, unlink 'C:\KNIT Questwers\questwers\clean\_logs\2022-11-09T10_50_02_898Z-debug-0.log'] {
34 silly logfile   errno: -4048,
34 silly logfile   code: 'EPERM',
34 silly logfile   syscall: 'unlink',
34 silly logfile   path: 'C:\\KNIT Questwers\\questwers\\clean\\_logs\\2022-11-09T10_50_02_898Z-debug-0.log'
34 silly logfile }
35 silly logfile done cleaning log files
