0 verbose cli C:\Program Files\nodejs\node.exe C:\Program Files\nodejs\node_modules\npm\bin\npm-cli.js
1 info using npm@8.19.2
2 info using node@v16.18.0
3 timing npm:load:whichnode Completed in 0ms
4 timing config:load:defaults Completed in 1ms
5 timing config:load:file:C:\Program Files\nodejs\node_modules\npm\npmrc Completed in 7ms
6 timing config:load:builtin Completed in 8ms
7 timing config:load:cli Completed in 0ms
8 timing config:load:env Completed in 1ms
9 timing config:load:file:C:\Users\divya\OneDrive\Documents\GitHub\medium3.0-mern\.npmrc Completed in 0ms
10 timing config:load:project Completed in 2ms
11 timing config:load:file:C:\Users\divya\.npmrc Completed in 1ms
12 timing config:load:user Completed in 1ms
13 timing config:load:file:C:\Users\divya\AppData\Roaming\npm\etc\npmrc Completed in 0ms
14 timing config:load:global Completed in 0ms
15 timing config:load:validate Completed in 1ms
16 timing config:load:credentials Completed in 1ms
17 timing config:load:setEnvs Completed in 0ms
18 timing config:load Completed in 15ms
19 timing npm:load:configload Completed in 15ms
20 timing npm:load:mkdirpcache Completed in 1ms
21 timing npm:load:mkdirplogs Completed in 1ms
22 verbose title npm run build
23 verbose argv "run" "build"
24 timing npm:load:setTitle Completed in 0ms
25 timing config:load:flatten Completed in 1ms
26 timing npm:load:display Completed in 2ms
27 verbose logfile logs-max:10 dir:C:\KNIT Questwers\questwers\clean\_logs
28 verbose logfile C:\KNIT Questwers\questwers\clean\_logs\2022-11-09T11_13_08_733Z-debug-0.log
29 timing npm:load:logFile Completed in 42ms
30 timing npm:load:timers Completed in 0ms
31 timing npm:load:configScope Completed in 0ms
32 timing npm:load Completed in 63ms
33 silly logfile start cleaning logs, removing 3 files
34 timing command:run Completed in 5ms
35 verbose stack Error: Missing script: "build"
35 verbose stack
35 verbose stack To see a list of scripts, run:
35 verbose stack   npm run
35 verbose stack     at RunScript.run (C:\Program Files\nodejs\node_modules\npm\lib\commands\run-script.js:98:13)
35 verbose stack     at async module.exports (C:\Program Files\nodejs\node_modules\npm\lib\cli.js:78:5)
36 verbose cwd C:\Users\divya\OneDrive\Documents\GitHub\medium3.0-mern
37 verbose Windows_NT 10.0.22621
38 verbose node v16.18.0
39 verbose npm  v8.19.2
40 error Missing script: "build"
40 error
40 error To see a list of scripts, run:
40 error   npm run
41 verbose exit 1
42 timing npm Completed in 83ms
43 verbose code 1
44 error A complete log of this run can be found in:
44 error     C:\KNIT Questwers\questwers\clean\_logs\2022-11-09T11_13_08_733Z-debug-0.log
