0 verbose cli C:\Program Files\nodejs\node.exe C:\Program Files\nodejs\node_modules\npm\bin\npm-cli.js
1 info using npm@8.19.2
2 info using node@v16.18.0
3 timing npm:load:whichnode Completed in 1ms
4 timing config:load:defaults Completed in 3ms
5 timing config:load:file:C:\Program Files\nodejs\node_modules\npm\npmrc Completed in 5ms
6 timing config:load:builtin Completed in 5ms
7 timing config:load:cli Completed in 3ms
8 timing config:load:env Completed in 1ms
9 timing config:load:file:C:\Users\divya\AppData\Local\Microsoft\TypeScript\4.8\.npmrc Completed in 1ms
10 timing config:load:project Completed in 8ms
11 timing config:load:file:C:\Users\divya\.npmrc Completed in 2ms
12 timing config:load:user Completed in 2ms
13 timing config:load:file:C:\Users\divya\AppData\Roaming\npm\etc\npmrc Completed in 1ms
14 timing config:load:global Completed in 1ms
15 timing config:load:validate Completed in 2ms
16 timing config:load:credentials Completed in 2ms
17 timing config:load:setEnvs Completed in 1ms
18 timing config:load Completed in 29ms
19 timing npm:load:configload Completed in 29ms
20 timing npm:load:mkdirpcache Completed in 2ms
21 timing npm:load:mkdirplogs Completed in 1ms
22 verbose title npm install types-registry@latest
23 verbose argv "install" "--ignore-scripts" "types-registry@latest"
24 timing npm:load:setTitle Completed in 2ms
25 timing config:load:flatten Completed in 4ms
26 timing npm:load:display Completed in 5ms
27 verbose logfile logs-max:10 dir:C:\KNIT Questwers\questwers\clean\_logs
28 verbose logfile C:\KNIT Questwers\questwers\clean\_logs\2022-11-09T13_52_16_142Z-debug-0.log
29 timing npm:load:logFile Completed in 46ms
30 timing npm:load:timers Completed in 0ms
31 timing npm:load:configScope Completed in 0ms
32 timing npm:load Completed in 86ms
33 timing arborist:ctor Completed in 1ms
34 silly logfile start cleaning logs, removing 2 files
35 silly logfile done cleaning log files
36 timing idealTree:init Completed in 130ms
37 timing arborist:ctor Completed in 0ms
38 http fetch GET 200 https://registry.npmjs.org/types-registry 1898ms (cache revalidated)
39 timing idealTree:userRequests Completed in 1908ms
40 silly idealTree buildDeps
41 silly fetch manifest types-registry@0.1.617
42 silly placeDep ROOT types-registry@0.1.617 REPLACE for:  want: 0.1.617
43 timing idealTree:#root Completed in 5ms
44 timing idealTree:node_modules/types-registry Completed in 0ms
45 timing idealTree:buildDeps Completed in 6ms
46 timing idealTree:fixDepFlags Completed in 1ms
47 timing idealTree Completed in 2046ms
48 timing reify:loadTrees Completed in 2047ms
49 timing reify:diffTrees Completed in 5ms
50 silly reify moves {}
51 timing reify:retireShallow Completed in 1ms
52 timing reify:createSparse Completed in 0ms
53 timing reify:loadBundles Completed in 0ms
54 silly audit bulk request {
54 silly audit   '@babel/code-frame': [ '7.18.6' ],
54 silly audit   '@babel/helper-string-parser': [ '7.19.4' ],
54 silly audit   '@babel/helper-validator-identifier': [ '7.19.1' ],
54 silly audit   '@babel/highlight': [ '7.18.6' ],
54 silly audit   'ansi-styles': [ '3.2.1', '4.3.0', '5.2.0' ],
54 silly audit   chalk: [ '2.4.2', '4.1.2' ],
54 silly audit   'color-convert': [ '1.9.3', '2.0.1' ],
54 silly audit   'color-name': [ '1.1.3', '1.1.4' ],
54 silly audit   'escape-string-regexp': [ '1.0.5', '2.0.0' ],
54 silly audit   'has-flag': [ '3.0.0', '4.0.0' ],
54 silly audit   'supports-color': [ '5.5.0', '7.2.0' ],
54 silly audit   '@babel/parser': [ '7.20.2' ],
54 silly audit   '@babel/runtime': [ '7.20.1' ],
54 silly audit   '@babel/types': [ '7.20.2' ],
54 silly audit   '@jest/expect-utils': [ '29.2.2' ],
54 silly audit   '@jest/schemas': [ '29.0.0' ],
54 silly audit   '@jest/types': [ '29.2.1' ],
54 silly audit   '@sinclair/typebox': [ '0.24.51' ],
54 silly audit   '@types/babel__core': [ '7.1.19' ],
54 silly audit   '@types/babel__generator': [ '7.6.4' ],
54 silly audit   '@types/babel__template': [ '7.4.1' ],
54 silly audit   '@types/babel__traverse': [ '7.18.2' ],
54 silly audit   '@types/babel-plugin-tester': [ '9.0.5' ],
54 silly audit   '@types/body': [ '5.1.1' ],
54 silly audit   '@types/body-parser': [ '1.19.2' ],
54 silly audit   '@types/browserify': [ '12.0.37' ],
54 silly audit   '@types/connect': [ '3.4.35' ],
54 silly audit   '@types/cors': [ '2.8.12' ],
54 silly audit   '@types/ejs': [ '3.1.1' ],
54 silly audit   '@types/envify': [ '0.0.30' ],
54 silly audit   '@types/eslint': [ '8.4.7' ],
54 silly audit   '@types/estree': [ '1.0.0' ],
54 silly audit   '@types/express': [ '4.17.14' ],
54 silly audit   '@types/express-serve-static-core': [ '4.17.31' ],
54 silly audit   '@types/glob': [ '8.0.0' ],
54 silly audit   '@types/hoist-non-react-statics': [ '3.3.1' ],
54 silly audit   '@types/insert-module-globals': [ '7.0.2' ],
54 silly audit   '@types/istanbul-lib-coverage': [ '2.0.4' ],
54 silly audit   '@types/istanbul-lib-report': [ '3.0.0' ],
54 silly audit   '@types/istanbul-reports': [ '3.0.1' ],
54 silly audit   '@types/jest': [ '29.2.2' ],
54 silly audit   '@types/json-schema': [ '7.0.11' ],
54 silly audit   '@types/langs': [ '2.0.1' ],
54 silly audit   '@types/mime': [ '3.0.1' ],
54 silly audit   '@types/minimatch': [ '5.1.2' ],
54 silly audit   '@types/node': [ '18.11.4' ],
54 silly audit   '@types/node-fetch': [ '2.6.2' ],
54 silly audit   '@types/nodemon': [ '1.19.2' ],
54 silly audit   '@types/prettier': [ '2.7.1' ],
54 silly audit   '@types/prop-types': [ '15.7.5' ],
54 silly audit   '@types/qs': [ '6.9.7' ],
54 silly audit   '@types/range-parser': [ '1.2.4' ],
54 silly audit   '@types/react': [ '18.0.24' ],
54 silly audit   '@types/react-dom': [ '18.0.8' ],
54 silly audit   '@types/react-redux': [ '7.1.24' ],
54 silly audit   '@types/rimraf': [ '3.0.2' ],
54 silly audit   '@types/scheduler': [ '0.16.2' ],
54 silly audit   '@types/serve-static': [ '1.15.0' ],
54 silly audit   '@types/stack-utils': [ '2.0.1' ],
54 silly audit   '@types/tap': [ '15.0.7' ],
54 silly audit   '@types/tape': [ '4.13.2' ],
54 silly audit   '@types/xo': [ '0.39.3' ],
54 silly audit   '@types/yargs': [ '17.0.13' ],
54 silly audit   '@types/yargs-parser': [ '21.0.0' ],
54 silly audit   asynckit: [ '0.4.0' ],
54 silly audit   braces: [ '3.0.2' ],
54 silly audit   'ci-info': [ '3.5.0' ],
54 silly audit   'combined-stream': [ '1.0.8' ],
54 silly audit   csstype: [ '3.1.1' ],
54 silly audit   'delayed-stream': [ '1.0.0' ],
54 silly audit   'diff-sequences': [ '29.2.0' ],
54 silly audit   expect: [ '29.2.2' ],
54 silly audit   'fill-range': [ '7.0.1' ],
54 silly audit   'form-data': [ '3.0.1' ],
54 silly audit   'graceful-fs': [ '4.2.10' ],
54 silly audit   'hoist-non-react-statics': [ '3.3.2' ],
54 silly audit   'is-number': [ '7.0.0' ],
54 silly audit   'jest-diff': [ '29.2.1' ],
54 silly audit   'jest-get-type': [ '29.2.0' ],
54 silly audit   'jest-matcher-utils': [ '29.2.2' ],
54 silly audit   'jest-message-util': [ '29.2.1' ],
54 silly audit   'jest-util': [ '29.2.1' ],
54 silly audit   'js-tokens': [ '4.0.0' ],
54 silly audit   micromatch: [ '4.0.5' ],
54 silly audit   'mime-db': [ '1.52.0' ],
54 silly audit   'mime-types': [ '2.1.35' ],
54 silly audit   picomatch: [ '2.3.1' ],
54 silly audit   'pretty-format': [ '29.2.1' ],
54 silly audit   'react-is': [ '18.2.0', '16.13.1' ],
54 silly audit   redux: [ '4.2.0' ],
54 silly audit   'regenerator-runtime': [ '0.13.10' ],
54 silly audit   slash: [ '3.0.0' ],
54 silly audit   'stack-utils': [ '2.0.5' ],
54 silly audit   'to-fast-properties': [ '2.0.0' ],
54 silly audit   'to-regex-range': [ '5.0.1' ],
54 silly audit   'types-registry': [ '0.1.617' ]
54 silly audit }
55 timing reify:unpack Completed in 0ms
56 timing reify:unretire Completed in 0ms
57 timing build:queue Completed in 0ms
58 timing build:deps Completed in 0ms
59 timing build Completed in 1ms
60 timing reify:build Completed in 1ms
61 timing reify:trash Completed in 0ms
62 timing reify:save Completed in 21ms
63 http fetch POST 200 https://registry.npmjs.org/-/npm/v1/security/advisories/bulk 403ms
64 timing auditReport:getReport Completed in 406ms
65 silly audit report {}
66 timing auditReport:init Completed in 0ms
67 timing reify:audit Completed in 406ms
68 timing reify Completed in 2469ms
69 timing command:install Completed in 2476ms
70 verbose exit 0
71 timing npm Completed in 2855ms
72 info ok
